<?xml version="1.0" encoding="UTF-8"?>
<!-- Generated by org.testng.reporters.JUnitReportReporter -->
<testsuite hostname="MSI" failures="0" tests="6" name="jbK_15_Oct_2024.Grouping" time="0.420" errors="0" timestamp="2024-11-24T11:53:00 IST" skipped="0">
  <testcase classname="jbK_15_Oct_2024.Grouping" name="display" time="0.127"/>
  <system-out/>
  <testcase classname="jbK_15_Oct_2024.Grouping" name="show" time="0.105"/>
  <system-out/>
  <testcase classname="jbK_15_Oct_2024.Grouping" name="dog" time="0.035"/>
  <system-out/>
  <testcase classname="jbK_15_Oct_2024.Grouping" name="monkey" time="0.035"/>
  <system-out/>
  <testcase classname="jbK_15_Oct_2024.Grouping" name="elephent" time="0.042"/>
  <system-out/>
  <testcase classname="jbK_15_Oct_2024.Grouping" name="cat" time="0.076"/>
  <system-out/>
</testsuite> <!-- jbK_15_Oct_2024.Grouping -->
