<?xml version="1.0" encoding="UTF-8"?>
<!-- Generated by org.testng.reporters.JUnitReportReporter -->
<testsuite hostname="MSI" failures="0" tests="1" name="jbK_15_Oct_2024.Parameter_Demo" time="0.020" errors="0" timestamp="2024-11-24T11:53:00 IST" skipped="0">
  <testcase classname="jbK_15_Oct_2024.Parameter_Demo" name="show" time="0.020"/>
  <system-out/>
</testsuite> <!-- jbK_15_Oct_2024.Parameter_Demo -->
